{"level":"info","message":"Successfully fetched all user"}
{"level":"info","message":"Successfully fetched all user"}
{"level":"info","message":"Successfully fetched all user"}
{"level":"info","message":"Successfully fetched all user"}
{"level":"info","message":"Successfully fetched all user"}
{"level":"info","message":"Successfully fetched all user"}
{"level":"info","message":"Successfully fetched all user"}
{"level":"info","message":"Successfully fetched all user"}
{"level":"warn","message":"Successfully fetched all user"}
{"level":"warn","message":"Successfully fetched all user"}
{"level":"error","message":"Failed to get users"}
{"level":"warn","message":"Successfully fetched all user"}
{"level":"warn","message":"Successfully fetched all user"}
{"level":"warn","message":"User does not exist"}
{"level":"warn","message":"User does not exist"}
{"level":"warn","message":"User does not exist"}
{"level":"warn","message":"User does not exist"}
{"level":"info","message":"Successfully fetched user"}
{"level":"warn","message":"User does not exist"}
{"level":"warn","message":"User does not exist"}
{"level":"info","message":"Successfully fetched user"}
